2022-10-06 10:57:07 [INFO][restartedMain][c.b.e.EmployeePayrollAppProjectApplication:55] Starting EmployeePayrollAppProjectApplication using Java 18.0.1.1 on DESKTOP-7H8U3U3 with PID 11404 (G:\vishangi\Felloship Program\Spring boot\EmployeePayrollAppProject\target\classes started by Jitesh in G:\vishangi\Felloship Program\Spring boot\EmployeePayrollAppProject)
2022-10-06 10:57:08 [INFO][restartedMain][c.b.e.EmployeePayrollAppProjectApplication:640] The following 1 profile is active: "dev"
2022-10-06 10:57:08 [INFO][restartedMain][o.s.b.d.e.DevToolsPropertyDefaultsPostProcessor:255] Devtools property defaults active! Set 'spring.devtools.add-properties' to 'false' to disable
2022-10-06 10:57:08 [INFO][restartedMain][o.s.b.d.e.DevToolsPropertyDefaultsPostProcessor:255] For additional web related logging consider setting the 'logging.level.web' property to 'DEBUG'
2022-10-06 10:57:11 [INFO][restartedMain][o.s.d.r.c.RepositoryConfigurationDelegate:132] Bootstrapping Spring Data JPA repositories in DEFAULT mode.
2022-10-06 10:57:11 [INFO][restartedMain][o.s.d.r.c.RepositoryConfigurationDelegate:201] Finished Spring Data repository scanning in 137 ms. Found 1 JPA repository interfaces.
2022-10-06 10:57:13 [INFO][restartedMain][o.s.b.w.e.t.TomcatWebServer:108] Tomcat initialized with port(s): 8080 (http)
2022-10-06 10:57:13 [INFO][restartedMain][o.a.c.c.StandardService:173] Starting service [Tomcat]
2022-10-06 10:57:13 [INFO][restartedMain][o.a.c.c.StandardEngine:173] Starting Servlet engine: [Apache Tomcat/9.0.65]
2022-10-06 10:57:13 [INFO][restartedMain][o.a.c.c.C.[.[.[/]:173] Initializing Spring embedded WebApplicationContext
2022-10-06 10:57:13 [INFO][restartedMain][o.s.b.w.s.c.ServletWebServerApplicationContext:292] Root WebApplicationContext: initialization completed in 5543 ms
2022-10-06 10:57:14 [INFO][restartedMain][o.h.j.i.u.LogHelper:31] HHH000204: Processing PersistenceUnitInfo [name: default]
2022-10-06 10:57:14 [INFO][restartedMain][o.h.Version:44] HHH000412: Hibernate ORM core version 5.6.10.Final
2022-10-06 10:57:15 [INFO][restartedMain][o.h.a.c.Version:56] HCANN000001: Hibernate Commons Annotations {5.1.2.Final}
2022-10-06 10:57:15 [INFO][restartedMain][c.z.h.HikariDataSource:110] HikariPool-1 - Starting...
2022-10-06 10:57:16 [INFO][restartedMain][c.z.h.HikariDataSource:123] HikariPool-1 - Start completed.
2022-10-06 10:57:17 [INFO][restartedMain][o.h.d.Dialect:175] HHH000400: Using dialect: org.hibernate.dialect.MySQL8Dialect
2022-10-06 10:57:19 [INFO][restartedMain][o.h.e.t.j.p.i.JtaPlatformInitiator:52] HHH000490: Using JtaPlatform implementation: [org.hibernate.engine.transaction.jta.platform.internal.NoJtaPlatform]
2022-10-06 10:57:19 [INFO][restartedMain][o.s.o.j.LocalContainerEntityManagerFactoryBean:437] Initialized JPA EntityManagerFactory for persistence unit 'default'
2022-10-06 10:57:20 [WARN][restartedMain][o.s.b.a.o.j.JpaBaseConfiguration$JpaWebConfiguration:219] spring.jpa.open-in-view is enabled by default. Therefore, database queries may be performed during view rendering. Explicitly configure spring.jpa.open-in-view to disable this warning
2022-10-06 10:57:21 [WARN][restartedMain][o.s.b.a.t.ThymeleafAutoConfiguration$DefaultTemplateResolverConfiguration:103] Cannot find template location: classpath:/templates/ (please add some templates or check your Thymeleaf configuration)
2022-10-06 10:57:21 [INFO][restartedMain][o.s.b.d.a.OptionalLiveReloadServer:59] LiveReload server is running on port 35729
2022-10-06 10:57:21 [INFO][restartedMain][o.s.b.w.e.t.TomcatWebServer:220] Tomcat started on port(s): 8080 (http) with context path ''
2022-10-06 10:57:21 [INFO][restartedMain][c.b.e.EmployeePayrollAppProjectApplication:61] Started EmployeePayrollAppProjectApplication in 14.985 seconds (JVM running for 17.517)
2022-10-06 10:59:26 [INFO][http-nio-8080-exec-1][o.a.c.c.C.[.[.[/]:173] Initializing Spring DispatcherServlet 'dispatcherServlet'
2022-10-06 10:59:26 [INFO][http-nio-8080-exec-1][o.s.w.s.DispatcherServlet:525] Initializing Servlet 'dispatcherServlet'
2022-10-06 10:59:26 [INFO][http-nio-8080-exec-1][o.s.w.s.DispatcherServlet:547] Completed initialization in 69 ms
2022-10-06 11:00:41 [WARN][http-nio-8080-exec-6][o.s.w.s.m.s.DefaultHandlerExceptionResolver:208] Resolved [org.springframework.http.converter.HttpMessageNotReadableException: JSON parse error: Cannot deserialize value of type `java.time.LocalDate` from String "2019-Sep-20": Failed to deserialize java.time.LocalDate: (java.time.format.DateTimeParseException) Text '2019-Sep-20' could not be parsed at index 5; nested exception is com.fasterxml.jackson.databind.exc.InvalidFormatException: Cannot deserialize value of type `java.time.LocalDate` from String "2019-Sep-20": Failed to deserialize java.time.LocalDate: (java.time.format.DateTimeParseException) Text '2019-Sep-20' could not be parsed at index 5<EOL> at [Source: (org.springframework.util.StreamUtils$NonClosingInputStream); line: 1, column: 114] (through reference chain: com.bridgelabz.employeepayrollappproject.dto.EmployeePayrollDTO["startDate"])]
2022-10-06 11:00:52 [WARN][http-nio-8080-exec-7][o.s.w.s.m.s.DefaultHandlerExceptionResolver:208] Resolved [org.springframework.http.converter.HttpMessageNotReadableException: JSON parse error: Cannot deserialize value of type `java.time.LocalDate` from String "2019-Sep-20": Failed to deserialize java.time.LocalDate: (java.time.format.DateTimeParseException) Text '2019-Sep-20' could not be parsed at index 5; nested exception is com.fasterxml.jackson.databind.exc.InvalidFormatException: Cannot deserialize value of type `java.time.LocalDate` from String "2019-Sep-20": Failed to deserialize java.time.LocalDate: (java.time.format.DateTimeParseException) Text '2019-Sep-20' could not be parsed at index 5<EOL> at [Source: (org.springframework.util.StreamUtils$NonClosingInputStream); line: 1, column: 114] (through reference chain: com.bridgelabz.employeepayrollappproject.dto.EmployeePayrollDTO["startDate"])]
2022-10-06 11:11:06 [INFO][SpringApplicationShutdownHook][o.s.o.j.LocalContainerEntityManagerFactoryBean:651] Closing JPA EntityManagerFactory for persistence unit 'default'
2022-10-06 11:11:06 [INFO][SpringApplicationShutdownHook][c.z.h.HikariDataSource:350] HikariPool-1 - Shutdown initiated...
2022-10-06 11:11:06 [INFO][SpringApplicationShutdownHook][c.z.h.HikariDataSource:352] HikariPool-1 - Shutdown completed.
2022-10-06 11:11:20 [INFO][restartedMain][c.b.e.EmployeePayrollAppProjectApplication:55] Starting EmployeePayrollAppProjectApplication using Java 18.0.1.1 on DESKTOP-7H8U3U3 with PID 1832 (G:\vishangi\Felloship Program\Spring boot\EmployeePayrollAppProject\target\classes started by Jitesh in G:\vishangi\Felloship Program\Spring boot\EmployeePayrollAppProject)
2022-10-06 11:11:20 [INFO][restartedMain][c.b.e.EmployeePayrollAppProjectApplication:640] The following 1 profile is active: "dev"
2022-10-06 11:11:21 [INFO][restartedMain][o.s.b.d.e.DevToolsPropertyDefaultsPostProcessor:255] Devtools property defaults active! Set 'spring.devtools.add-properties' to 'false' to disable
2022-10-06 11:11:21 [INFO][restartedMain][o.s.b.d.e.DevToolsPropertyDefaultsPostProcessor:255] For additional web related logging consider setting the 'logging.level.web' property to 'DEBUG'
2022-10-06 11:11:25 [INFO][restartedMain][o.s.d.r.c.RepositoryConfigurationDelegate:132] Bootstrapping Spring Data JPA repositories in DEFAULT mode.
2022-10-06 11:11:25 [INFO][restartedMain][o.s.d.r.c.RepositoryConfigurationDelegate:201] Finished Spring Data repository scanning in 137 ms. Found 1 JPA repository interfaces.
2022-10-06 11:11:27 [INFO][restartedMain][o.s.b.w.e.t.TomcatWebServer:108] Tomcat initialized with port(s): 8080 (http)
2022-10-06 11:11:28 [INFO][restartedMain][o.a.c.c.StandardService:173] Starting service [Tomcat]
2022-10-06 11:11:28 [INFO][restartedMain][o.a.c.c.StandardEngine:173] Starting Servlet engine: [Apache Tomcat/9.0.65]
2022-10-06 11:11:28 [INFO][restartedMain][o.a.c.c.C.[.[.[/]:173] Initializing Spring embedded WebApplicationContext
2022-10-06 11:11:28 [INFO][restartedMain][o.s.b.w.s.c.ServletWebServerApplicationContext:292] Root WebApplicationContext: initialization completed in 7053 ms
2022-10-06 11:11:28 [INFO][restartedMain][o.h.j.i.u.LogHelper:31] HHH000204: Processing PersistenceUnitInfo [name: default]
2022-10-06 11:11:29 [INFO][restartedMain][o.h.Version:44] HHH000412: Hibernate ORM core version 5.6.10.Final
2022-10-06 11:11:29 [INFO][restartedMain][o.h.a.c.Version:56] HCANN000001: Hibernate Commons Annotations {5.1.2.Final}
2022-10-06 11:11:29 [INFO][restartedMain][c.z.h.HikariDataSource:110] HikariPool-1 - Starting...
2022-10-06 11:11:30 [INFO][restartedMain][c.z.h.HikariDataSource:123] HikariPool-1 - Start completed.
2022-10-06 11:11:31 [INFO][restartedMain][o.h.d.Dialect:175] HHH000400: Using dialect: org.hibernate.dialect.MySQL8Dialect
2022-10-06 11:11:34 [INFO][restartedMain][o.h.e.t.j.p.i.JtaPlatformInitiator:52] HHH000490: Using JtaPlatform implementation: [org.hibernate.engine.transaction.jta.platform.internal.NoJtaPlatform]
2022-10-06 11:11:34 [INFO][restartedMain][o.s.o.j.LocalContainerEntityManagerFactoryBean:437] Initialized JPA EntityManagerFactory for persistence unit 'default'
2022-10-06 11:11:35 [WARN][restartedMain][o.s.b.a.o.j.JpaBaseConfiguration$JpaWebConfiguration:219] spring.jpa.open-in-view is enabled by default. Therefore, database queries may be performed during view rendering. Explicitly configure spring.jpa.open-in-view to disable this warning
2022-10-06 11:11:36 [WARN][restartedMain][o.s.b.a.t.ThymeleafAutoConfiguration$DefaultTemplateResolverConfiguration:103] Cannot find template location: classpath:/templates/ (please add some templates or check your Thymeleaf configuration)
2022-10-06 11:11:36 [INFO][restartedMain][o.s.b.d.a.OptionalLiveReloadServer:59] LiveReload server is running on port 35729
2022-10-06 11:11:36 [INFO][restartedMain][o.s.b.w.e.t.TomcatWebServer:220] Tomcat started on port(s): 8080 (http) with context path ''
2022-10-06 11:11:36 [INFO][restartedMain][c.b.e.EmployeePayrollAppProjectApplication:61] Started EmployeePayrollAppProjectApplication in 17.049 seconds (JVM running for 18.66)
2022-10-06 11:11:50 [INFO][http-nio-8080-exec-2][o.a.c.c.C.[.[.[/]:173] Initializing Spring DispatcherServlet 'dispatcherServlet'
2022-10-06 11:11:50 [INFO][http-nio-8080-exec-2][o.s.w.s.DispatcherServlet:525] Initializing Servlet 'dispatcherServlet'
2022-10-06 11:11:50 [INFO][http-nio-8080-exec-2][o.s.w.s.DispatcherServlet:547] Completed initialization in 2 ms
2022-10-06 11:12:33 [WARN][http-nio-8080-exec-3][o.s.w.s.m.s.DefaultHandlerExceptionResolver:208] Resolved [org.springframework.http.converter.HttpMessageNotReadableException: JSON parse error: Cannot deserialize value of type `java.time.LocalDate` from String "2019-Oct-20": Failed to deserialize java.time.LocalDate: (java.time.format.DateTimeParseException) Text '2019-Oct-20' could not be parsed at index 5; nested exception is com.fasterxml.jackson.databind.exc.InvalidFormatException: Cannot deserialize value of type `java.time.LocalDate` from String "2019-Oct-20": Failed to deserialize java.time.LocalDate: (java.time.format.DateTimeParseException) Text '2019-Oct-20' could not be parsed at index 5<EOL> at [Source: (org.springframework.util.StreamUtils$NonClosingInputStream); line: 1, column: 103] (through reference chain: com.bridgelabz.employeepayrollappproject.dto.EmployeePayrollDTO["startDate"])]
2022-10-06 11:12:38 [WARN][http-nio-8080-exec-4][o.s.w.s.m.s.DefaultHandlerExceptionResolver:208] Resolved [org.springframework.http.converter.HttpMessageNotReadableException: JSON parse error: Cannot deserialize value of type `java.time.LocalDate` from String "2019-Oct-20": Failed to deserialize java.time.LocalDate: (java.time.format.DateTimeParseException) Text '2019-Oct-20' could not be parsed at index 5; nested exception is com.fasterxml.jackson.databind.exc.InvalidFormatException: Cannot deserialize value of type `java.time.LocalDate` from String "2019-Oct-20": Failed to deserialize java.time.LocalDate: (java.time.format.DateTimeParseException) Text '2019-Oct-20' could not be parsed at index 5<EOL> at [Source: (org.springframework.util.StreamUtils$NonClosingInputStream); line: 1, column: 103] (through reference chain: com.bridgelabz.employeepayrollappproject.dto.EmployeePayrollDTO["startDate"])]
2022-10-06 12:06:44 [WARN][http-nio-8080-exec-6][o.s.w.s.m.s.DefaultHandlerExceptionResolver:208] Resolved [org.springframework.http.converter.HttpMessageNotReadableException: JSON parse error: Cannot deserialize value of type `java.time.LocalDate` from String "2019-Oct-18": Failed to deserialize java.time.LocalDate: (java.time.format.DateTimeParseException) Text '2019-Oct-18' could not be parsed at index 5; nested exception is com.fasterxml.jackson.databind.exc.InvalidFormatException: Cannot deserialize value of type `java.time.LocalDate` from String "2019-Oct-18": Failed to deserialize java.time.LocalDate: (java.time.format.DateTimeParseException) Text '2019-Oct-18' could not be parsed at index 5<EOL> at [Source: (org.springframework.util.StreamUtils$NonClosingInputStream); line: 1, column: 107] (through reference chain: com.bridgelabz.employeepayrollappproject.dto.EmployeePayrollDTO["startDate"])]
2022-10-06 12:06:49 [WARN][http-nio-8080-exec-8][o.s.w.s.m.s.DefaultHandlerExceptionResolver:208] Resolved [org.springframework.http.converter.HttpMessageNotReadableException: JSON parse error: Cannot deserialize value of type `java.time.LocalDate` from String "2019-Oct-18": Failed to deserialize java.time.LocalDate: (java.time.format.DateTimeParseException) Text '2019-Oct-18' could not be parsed at index 5; nested exception is com.fasterxml.jackson.databind.exc.InvalidFormatException: Cannot deserialize value of type `java.time.LocalDate` from String "2019-Oct-18": Failed to deserialize java.time.LocalDate: (java.time.format.DateTimeParseException) Text '2019-Oct-18' could not be parsed at index 5<EOL> at [Source: (org.springframework.util.StreamUtils$NonClosingInputStream); line: 1, column: 107] (through reference chain: com.bridgelabz.employeepayrollappproject.dto.EmployeePayrollDTO["startDate"])]
2022-10-06 12:10:06 [INFO][SpringApplicationShutdownHook][o.s.o.j.LocalContainerEntityManagerFactoryBean:651] Closing JPA EntityManagerFactory for persistence unit 'default'
2022-10-06 12:10:07 [INFO][SpringApplicationShutdownHook][c.z.h.HikariDataSource:350] HikariPool-1 - Shutdown initiated...
2022-10-06 12:10:07 [INFO][SpringApplicationShutdownHook][c.z.h.HikariDataSource:352] HikariPool-1 - Shutdown completed.
2022-10-06 12:10:37 [INFO][restartedMain][c.b.e.EmployeePayrollAppProjectApplication:55] Starting EmployeePayrollAppProjectApplication using Java 18.0.1.1 on DESKTOP-7H8U3U3 with PID 12060 (G:\vishangi\Felloship Program\Spring boot\EmployeePayrollAppProject\target\classes started by Jitesh in G:\vishangi\Felloship Program\Spring boot\EmployeePayrollAppProject)
2022-10-06 12:10:37 [INFO][restartedMain][c.b.e.EmployeePayrollAppProjectApplication:640] The following 1 profile is active: "dev"
2022-10-06 12:10:37 [INFO][restartedMain][o.s.b.d.e.DevToolsPropertyDefaultsPostProcessor:255] Devtools property defaults active! Set 'spring.devtools.add-properties' to 'false' to disable
2022-10-06 12:10:37 [INFO][restartedMain][o.s.b.d.e.DevToolsPropertyDefaultsPostProcessor:255] For additional web related logging consider setting the 'logging.level.web' property to 'DEBUG'
2022-10-06 12:10:40 [INFO][restartedMain][o.s.d.r.c.RepositoryConfigurationDelegate:132] Bootstrapping Spring Data JPA repositories in DEFAULT mode.
2022-10-06 12:10:40 [INFO][restartedMain][o.s.d.r.c.RepositoryConfigurationDelegate:201] Finished Spring Data repository scanning in 163 ms. Found 1 JPA repository interfaces.
2022-10-06 12:10:42 [INFO][restartedMain][o.s.b.w.e.t.TomcatWebServer:108] Tomcat initialized with port(s): 8080 (http)
2022-10-06 12:10:43 [INFO][restartedMain][o.a.c.c.StandardService:173] Starting service [Tomcat]
2022-10-06 12:10:43 [INFO][restartedMain][o.a.c.c.StandardEngine:173] Starting Servlet engine: [Apache Tomcat/9.0.65]
2022-10-06 12:10:43 [INFO][restartedMain][o.a.c.c.C.[.[.[/]:173] Initializing Spring embedded WebApplicationContext
2022-10-06 12:10:43 [INFO][restartedMain][o.s.b.w.s.c.ServletWebServerApplicationContext:292] Root WebApplicationContext: initialization completed in 5685 ms
2022-10-06 12:10:43 [INFO][restartedMain][o.h.j.i.u.LogHelper:31] HHH000204: Processing PersistenceUnitInfo [name: default]
2022-10-06 12:10:44 [INFO][restartedMain][o.h.Version:44] HHH000412: Hibernate ORM core version 5.6.10.Final
2022-10-06 12:10:44 [INFO][restartedMain][o.h.a.c.Version:56] HCANN000001: Hibernate Commons Annotations {5.1.2.Final}
2022-10-06 12:10:44 [INFO][restartedMain][c.z.h.HikariDataSource:110] HikariPool-1 - Starting...
2022-10-06 12:10:45 [INFO][restartedMain][c.z.h.HikariDataSource:123] HikariPool-1 - Start completed.
2022-10-06 12:10:45 [INFO][restartedMain][o.h.d.Dialect:175] HHH000400: Using dialect: org.hibernate.dialect.MySQL8Dialect
2022-10-06 12:10:47 [INFO][restartedMain][o.h.e.t.j.p.i.JtaPlatformInitiator:52] HHH000490: Using JtaPlatform implementation: [org.hibernate.engine.transaction.jta.platform.internal.NoJtaPlatform]
2022-10-06 12:10:47 [INFO][restartedMain][o.s.o.j.LocalContainerEntityManagerFactoryBean:437] Initialized JPA EntityManagerFactory for persistence unit 'default'
2022-10-06 12:10:48 [WARN][restartedMain][o.s.b.a.o.j.JpaBaseConfiguration$JpaWebConfiguration:219] spring.jpa.open-in-view is enabled by default. Therefore, database queries may be performed during view rendering. Explicitly configure spring.jpa.open-in-view to disable this warning
2022-10-06 12:10:49 [WARN][restartedMain][o.s.b.a.t.ThymeleafAutoConfiguration$DefaultTemplateResolverConfiguration:103] Cannot find template location: classpath:/templates/ (please add some templates or check your Thymeleaf configuration)
2022-10-06 12:10:49 [INFO][restartedMain][o.s.b.d.a.OptionalLiveReloadServer:59] LiveReload server is running on port 35729
2022-10-06 12:10:49 [INFO][restartedMain][o.s.b.w.e.t.TomcatWebServer:220] Tomcat started on port(s): 8080 (http) with context path ''
2022-10-06 12:10:49 [INFO][restartedMain][c.b.e.EmployeePayrollAppProjectApplication:61] Started EmployeePayrollAppProjectApplication in 13.619 seconds (JVM running for 15.229)
2022-10-06 12:13:57 [INFO][http-nio-8080-exec-1][o.a.c.c.C.[.[.[/]:173] Initializing Spring DispatcherServlet 'dispatcherServlet'
2022-10-06 12:13:57 [INFO][http-nio-8080-exec-1][o.s.w.s.DispatcherServlet:525] Initializing Servlet 'dispatcherServlet'
2022-10-06 12:13:57 [INFO][http-nio-8080-exec-1][o.s.w.s.DispatcherServlet:547] Completed initialization in 300 ms
2022-10-06 12:13:58 [WARN][http-nio-8080-exec-1][o.s.w.s.m.s.DefaultHandlerExceptionResolver:208] Resolved [org.springframework.http.converter.HttpMessageNotReadableException: JSON parse error: Cannot deserialize value of type `java.time.LocalDate` from String "2019-Sep-29": Failed to deserialize java.time.LocalDate: (java.time.format.DateTimeParseException) Text '2019-Sep-29' could not be parsed at index 5; nested exception is com.fasterxml.jackson.databind.exc.InvalidFormatException: Cannot deserialize value of type `java.time.LocalDate` from String "2019-Sep-29": Failed to deserialize java.time.LocalDate: (java.time.format.DateTimeParseException) Text '2019-Sep-29' could not be parsed at index 5<EOL> at [Source: (org.springframework.util.StreamUtils$NonClosingInputStream); line: 1, column: 117] (through reference chain: com.bridgelabz.employeepayrollappproject.dto.EmployeePayrollDTO["startDate"])]
2022-10-06 12:14:07 [WARN][http-nio-8080-exec-2][o.s.w.s.m.s.DefaultHandlerExceptionResolver:208] Resolved [org.springframework.http.converter.HttpMessageNotReadableException: JSON parse error: Cannot deserialize value of type `java.time.LocalDate` from String "2019-Sep-29": Failed to deserialize java.time.LocalDate: (java.time.format.DateTimeParseException) Text '2019-Sep-29' could not be parsed at index 5; nested exception is com.fasterxml.jackson.databind.exc.InvalidFormatException: Cannot deserialize value of type `java.time.LocalDate` from String "2019-Sep-29": Failed to deserialize java.time.LocalDate: (java.time.format.DateTimeParseException) Text '2019-Sep-29' could not be parsed at index 5<EOL> at [Source: (org.springframework.util.StreamUtils$NonClosingInputStream); line: 1, column: 117] (through reference chain: com.bridgelabz.employeepayrollappproject.dto.EmployeePayrollDTO["startDate"])]
2022-10-06 12:17:32 [WARN][http-nio-8080-exec-3][o.s.w.s.m.s.DefaultHandlerExceptionResolver:208] Resolved [org.springframework.http.converter.HttpMessageNotReadableException: JSON parse error: Cannot deserialize value of type `java.time.LocalDate` from String "2019-Sep-29": Failed to deserialize java.time.LocalDate: (java.time.format.DateTimeParseException) Text '2019-Sep-29' could not be parsed at index 5; nested exception is com.fasterxml.jackson.databind.exc.InvalidFormatException: Cannot deserialize value of type `java.time.LocalDate` from String "2019-Sep-29": Failed to deserialize java.time.LocalDate: (java.time.format.DateTimeParseException) Text '2019-Sep-29' could not be parsed at index 5<EOL> at [Source: (org.springframework.util.StreamUtils$NonClosingInputStream); line: 1, column: 117] (through reference chain: com.bridgelabz.employeepayrollappproject.dto.EmployeePayrollDTO["startDate"])]
2022-10-06 12:17:50 [WARN][http-nio-8080-exec-4][o.s.w.s.m.s.DefaultHandlerExceptionResolver:208] Resolved [org.springframework.http.converter.HttpMessageNotReadableException: JSON parse error: Cannot deserialize value of type `java.time.LocalDate` from String "2019-Sep-29": Failed to deserialize java.time.LocalDate: (java.time.format.DateTimeParseException) Text '2019-Sep-29' could not be parsed at index 5; nested exception is com.fasterxml.jackson.databind.exc.InvalidFormatException: Cannot deserialize value of type `java.time.LocalDate` from String "2019-Sep-29": Failed to deserialize java.time.LocalDate: (java.time.format.DateTimeParseException) Text '2019-Sep-29' could not be parsed at index 5<EOL> at [Source: (org.springframework.util.StreamUtils$NonClosingInputStream); line: 1, column: 159] (through reference chain: com.bridgelabz.employeepayrollappproject.dto.EmployeePayrollDTO["startDate"])]
2022-10-06 12:18:20 [WARN][http-nio-8080-exec-5][o.s.w.s.m.s.DefaultHandlerExceptionResolver:208] Resolved [org.springframework.http.converter.HttpMessageNotReadableException: JSON parse error: Cannot deserialize value of type `java.time.LocalDate` from String "2019-Sep-19": Failed to deserialize java.time.LocalDate: (java.time.format.DateTimeParseException) Text '2019-Sep-19' could not be parsed at index 5; nested exception is com.fasterxml.jackson.databind.exc.InvalidFormatException: Cannot deserialize value of type `java.time.LocalDate` from String "2019-Sep-19": Failed to deserialize java.time.LocalDate: (java.time.format.DateTimeParseException) Text '2019-Sep-19' could not be parsed at index 5<EOL> at [Source: (org.springframework.util.StreamUtils$NonClosingInputStream); line: 1, column: 149] (through reference chain: com.bridgelabz.employeepayrollappproject.dto.EmployeePayrollDTO["startDate"])]
2022-10-06 12:18:25 [WARN][http-nio-8080-exec-6][o.s.w.s.m.s.DefaultHandlerExceptionResolver:208] Resolved [org.springframework.http.converter.HttpMessageNotReadableException: JSON parse error: Cannot deserialize value of type `java.time.LocalDate` from String "2019-Sep-19": Failed to deserialize java.time.LocalDate: (java.time.format.DateTimeParseException) Text '2019-Sep-19' could not be parsed at index 5; nested exception is com.fasterxml.jackson.databind.exc.InvalidFormatException: Cannot deserialize value of type `java.time.LocalDate` from String "2019-Sep-19": Failed to deserialize java.time.LocalDate: (java.time.format.DateTimeParseException) Text '2019-Sep-19' could not be parsed at index 5<EOL> at [Source: (org.springframework.util.StreamUtils$NonClosingInputStream); line: 1, column: 149] (through reference chain: com.bridgelabz.employeepayrollappproject.dto.EmployeePayrollDTO["startDate"])]
2022-10-06 14:11:51 [WARN][HikariPool-1 housekeeper][c.z.h.p.HikariPool:788] HikariPool-1 - Thread starvation or clock leap detected (housekeeper delta=48m34s597ms572µs400ns).
2022-10-06 14:50:44 [WARN][HikariPool-1 housekeeper][c.z.h.p.HikariPool:788] HikariPool-1 - Thread starvation or clock leap detected (housekeeper delta=38m53s13ms320µs800ns).
2022-10-06 14:52:36 [INFO][SpringApplicationShutdownHook][o.s.o.j.LocalContainerEntityManagerFactoryBean:651] Closing JPA EntityManagerFactory for persistence unit 'default'
2022-10-06 14:52:36 [INFO][SpringApplicationShutdownHook][c.z.h.HikariDataSource:350] HikariPool-1 - Shutdown initiated...
2022-10-06 14:52:36 [INFO][SpringApplicationShutdownHook][c.z.h.HikariDataSource:352] HikariPool-1 - Shutdown completed.
